CREATE USER SA PASSWORD "" ADMIN
/*C1*/SET SCHEMA PUBLIC
CONNECT USER SA
DISCONNECT
/*C2*/SET SCHEMA PUBLIC
CONNECT USER SA
create table T4U_ACTIVE_WORKITEMS (id varchar(255) not null, lastModifiedByClient bigint not null, revision bigint not null, workitem_id varchar(36), primary key (id))
create table T4U_CLIENTS (clientId bigint not null, myself bit not null, registeredAt timestamp, server bit not null, person_id varchar(36), primary key (clientId))
create table T4U_CLIENTSYNCHRONIZATIONSTATUS (id bigint generated by default as identity (start with 1), entityType integer not null, lastReceivedRevision bigint not null, lastSendRevision bigint not null, client_id bigint not null, primary key (id), unique (client_id, entityType))
create table T4U_CONFIGURATION (contextId varchar(255) not null, name varchar(255) not null, boolean_value bit, long_value bigint, string_value varchar(400), value_type integer not null, xml_value longvarchar, primary key (contextId, name))
create table T4U_DAYINFOS (id varchar(36) not null, daydate date not null, hasInvalidWorkItems bit not null, hasTags bit, hasWorkItems bit not null, lastModifiedByClient bigint not null, regularTime integer not null, revision bigint not null, sumDurations integer not null, person_id varchar(36) not null, primary key (id), unique (person_id, daydate))
create table T4U_DAYINFOS_PROPERTIES (entityId varchar(255) not null, name varchar(255) not null, boolValue bit, dateValue timestamp, intValue integer, metaType integer not null, strValue varchar(1000), primary key (entityId, name))
create table T4U_DAYINFOS_TAGS (dayinfo_id varchar(36) not null, tag_name varchar(50) not null, primary key (dayinfo_id, tag_name))
create table T4U_DAYTAGS (name varchar(50) not null, deleted bit not null, description varchar(1000), label varchar(50), regularTime integer, primary key (name))
create table T4U_LOCALID (entityType integer not null, hiId bigint not null, loId bigint not null, primary key (entityType))
create table T4U_PERSONS (id varchar(36) not null, active bit, deleted bit not null, email varchar(200), givenName varchar(50), lastModifiedByClient bigint not null, lastSynchronize timestamp, revision bigint not null, surname varchar(50) not null, primary key (id))
create table T4U_PERSONS_HISTORY (id bigint generated by default as identity (start with 1), data longvarchar, performedAt timestamp not null, performedBy_id varchar(36) not null, person_id varchar(36) not null, primary key (id))
create table T4U_PERSONS_PROPERTIES (entityId varchar(255) not null, name varchar(255) not null, boolValue bit, dateValue timestamp, intValue integer, metaType integer not null, strValue varchar(1000), primary key (entityId, name))
create table T4U_PROJECTS (id varchar(36) not null, active bit not null, deleted bit not null, description varchar(1000), lastModifiedByClient bigint not null, name varchar(40) not null, parentKey varchar(740), revision bigint not null, parent_id varchar(36), primary key (id))
create table T4U_PROJECTS_HISTORY (id bigint generated by default as identity (start with 1), data longvarchar, performedAt timestamp not null, performedBy_id varchar(36) not null, project_id varchar(36) not null, primary key (id))
create table T4U_PROJECTS_PROPERTIES (entityId varchar(255) not null, name varchar(255) not null, boolValue bit, dateValue timestamp, intValue integer, metaType integer not null, strValue varchar(1000), primary key (entityId, name))
create table T4U_REPORTS (ID varchar(128) not null, DEFINITION_XML longvarchar, DESCRIPTION varchar(1000), NAME varchar(128) not null, REPORT_TYPE varchar(64) not null, primary key (ID))
create table T4U_REVISIONS (entityType integer not null, part varchar(255) not null, latestRevision bigint not null, primary key (entityType, part))
create table T4U_SERVERS (id bigint generated by default as identity (start with 1), credentials varchar(1000) not null, lastSynchronize timestamp, MAPPED_PERSON_ID varchar(36), name varchar(50), synchronizeInterval integer not null, url varchar(200) not null, root_project_id varchar(36), primary key (id))
create table T4U_SYNCHRONIZATIONSTATUS (id bigint generated by default as identity (start with 1), entityType integer not null, lastReceivedRevision bigint not null, lastSendRevision bigint not null, server_connection_id bigint not null, primary key (id), unique (server_connection_id, entityType))
create table T4U_TASKS (id varchar(36) not null, active bit not null, deleted bit not null, description varchar(1000), lastModifiedByClient bigint not null, name varchar(40) not null, revision bigint not null, time_contingent integer, project_id varchar(36), primary key (id))
create table T4U_TASKS_HISTORY (id bigint generated by default as identity (start with 1), data longvarchar, performedAt timestamp not null, performedBy_id varchar(36), task_id varchar(36), primary key (id))
create table T4U_TASKS_PROPERTIES (entityId varchar(255) not null, name varchar(255) not null, boolValue bit, dateValue timestamp, intValue integer, metaType integer not null, strValue varchar(1000), primary key (entityId, name))
create table T4U_TEAMS (id varchar(36) not null, deleted bit not null, description varchar(1000), lastModifiedByClient bigint not null, name varchar(50) not null, revision bigint not null, primary key (id))
create table T4U_TEAMS_HISTORY (id bigint generated by default as identity (start with 1), data longvarchar, performedAt timestamp not null, performedBy_id varchar(36) not null, team_id varchar(36) not null, primary key (id))
create table T4U_TEAMS_MEMBERS (team_id varchar(36) not null, person_id varchar(36) not null, primary key (team_id, person_id))
create table T4U_TEAMS_OWNERS (team_id varchar(36) not null, person_id varchar(36) not null, primary key (team_id, person_id))
create table T4U_TEAMS_PROPERTIES (entityId varchar(255) not null, name varchar(255) not null, boolValue bit, dateValue timestamp, intValue integer, metaType integer not null, strValue varchar(1000), primary key (entityId, name))
create table T4U_TIMEPOLICIES (kind varchar(1) not null, id varchar(36) not null, deleted bit not null, lastModifiedByClient bigint not null, revision bigint not null, validFrom date, validUntil date, fridayTime integer, mondayTime integer, saturdayTime integer, sundayTime integer, thursdayTime integer, tuesdayTime integer, wednesdayTime integer, person_id varchar(36) not null, primary key (id))
create table T4U_TODOSBASE (id varchar(36) not null, completed bit not null, completedat timestamp, createdat timestamp not null, deadline timestamp, deleted bit not null, description varchar(1000), header varchar(1000) not null, lastModifiedByClient bigint not null, revision bigint not null, state integer not null, group_id varchar(36), reporter_id varchar(36), primary key (id))
create table T4U_TODOSBASE_DEPENDS (dependent_id varchar(36) not null, dependsOn_id varchar(36) not null, primary key (dependent_id, dependsOn_id))
create table T4U_TODOSBASE_HISTORY (id bigint generated by default as identity (start with 1), data longvarchar, performedAt timestamp not null, performedBy_id varchar(36) not null, todobase_id varchar(36) not null, primary key (id))
create table T4U_TODOSBASE_PROPERTIES (entityId varchar(255) not null, name varchar(255) not null, boolValue bit, dateValue timestamp, intValue integer, metaType integer not null, strValue varchar(1000), primary key (entityId, name))
create table T4U_TODOSBASE_TO_PERSONS (todo_id varchar(36) not null, person_id varchar(36) not null, primary key (todo_id, person_id))
create table T4U_TODOSBASE_TO_TEAMS (todo_id varchar(36) not null, team_id varchar(36) not null, primary key (todo_id, team_id))
create table T4U_TODOSDATA (estimatedTime integer, priority integer not null, id varchar(36) not null, task_id varchar(36), primary key (id))
create table T4U_TODOSDATA_ASSIGNMENTS (personId varchar(255) not null, todoId varchar(255) not null, deleted bit not null, estimatedTime integer, primary key (personId, todoId))
create table T4U_TODOSGROUPS (id varchar(36) not null, primary key (id))
